10:24:16 - src.utils - INFO - 
==================================================
LOAD DATA
==================================================

10:24:20 - src.utils - INFO - VALIDATION SIZE: (1450, 256, 256, 3)
10:24:20 - src.utils - INFO - NUMBER OF CLASSES: 29
11:02:24 - src.utils - INFO - 
==================================================
LOAD DATA
==================================================

11:02:29 - src.utils - INFO - VALIDATION SIZE: (1450, 256, 256, 3)
11:02:29 - src.utils - INFO - NUMBER OF CLASSES: 29
11:03:55 - src.utils - INFO - 
==================================================
LOAD DATA
==================================================

11:03:59 - src.utils - INFO - VALIDATION SIZE: (1450, 256, 256, 3)
11:03:59 - src.utils - INFO - NUMBER OF CLASSES: 29
11:06:48 - src.utils - INFO - 
==================================================
LOAD DATA
==================================================

11:06:53 - src.utils - INFO - VALIDATION SIZE: (1450, 256, 256, 3)
11:06:53 - src.utils - INFO - NUMBER OF CLASSES: 29
