12:13:06 - src.utils - INFO - 
==================================================
LOAD DATA
==================================================

12:13:31 - src.utils - INFO - TRAINING SIZE: (20300, 256, 256, 3)
12:13:31 - src.utils - INFO - NUMBER OF CLASSES: 29
12:13:32 - src.utils - INFO - VALIDATION SIZE: (1450, 256, 256, 3)
12:13:32 - src.utils - INFO - NUMBER OF CLASSES: 29
12:13:32 - src.utils - INFO - 
==================================================
DEFINE MODEL
==================================================

12:13:34 - src.utils - INFO - 
==================================================
TRAINING DATA
==================================================

13:27:03 - src.utils - INFO - 
==================================================
WRITE
==================================================

13:27:03 - src.utils - INFO - Write model in: output/reg2/bitMore/lr_5e-05_bs_128_ep_500/model.h5
13:27:13 - src.utils - INFO - 
==================================================
END
==================================================

